2015-07-06 02:29:33.080 bitApp[5097:116236] DiskCookieStorage changing policy from 2 to 0, cookie file: file:///Users/martinezalina/Library/Developer/CoreSimulator/Devices/4B5A9D94-0C47-4ECE-86C0-48253076C2E1/data/Containers/Data/Application/24A80BC2-5A67-4936-9A8C-7C17EAEB0DC8/Library/Cookies/Cookies.binarycookies
2015-07-06 02:29:33.561 bitApp[5097:116236] Apache Cordova native platform version 3.8.0 is starting.
2015-07-06 02:29:33.561 bitApp[5097:116236] Multi-tasking -> Device: YES, App: YES
2015-07-06 02:29:33.586 bitApp[5097:116236] Unlimited access to network resources
2015-07-06 02:29:34.964 bitApp[5097:116236] [CDVTimer][keyboard] 0.066042ms
2015-07-06 02:29:35.318 bitApp[5097:116236] [CDVTimer][splashscreen] 353.829026ms
2015-07-06 02:29:35.351 bitApp[5097:116236] [CDVTimer][file] 33.137977ms
2015-07-06 02:29:35.351 bitApp[5097:116236] [CDVTimer][TotalPluginStartup] 387.917995ms
2015-07-06 02:29:35.972 bitApp[5097:116236] Resetting plugins due to page load.
2015-07-06 02:29:39.767 bitApp[5097:116236] Finished load of: file:///Users/martinezalina/Library/Developer/CoreSimulator/Devices/4B5A9D94-0C47-4ECE-86C0-48253076C2E1/data/Containers/Bundle/Application/7D30BD3E-BDC9-4CF0-83C8-3F64F2140E32/bitApp.app/www/index.html#/
2015-07-06 02:29:53.759 bitApp[5097:116236] Getting camera
2015-07-06 02:29:53.808 bitApp[5097:116236] THREAD WARNING: ['Camera'] took '49.246094' ms. Plugin should use a background thread.
2015-07-06 02:29:53.808 bitApp[5097:116521] Camera.getPicture: source type 1 not available.
2015-07-06 02:30:04.107 bitApp[5097:116236] Getting camera
2015-07-06 02:30:04.107 bitApp[5097:116521] Camera.getPicture: source type 1 not available.
2015-07-06 02:30:04.516 bitApp[5097:116236] Getting camera
2015-07-06 02:30:04.516 bitApp[5097:116521] Camera.getPicture: source type 1 not available.
2015-07-06 02:30:04.887 bitApp[5097:116236] Getting camera
2015-07-06 02:30:04.888 bitApp[5097:116521] Camera.getPicture: source type 1 not available.
2015-07-06 02:31:13.538 bitApp[5097:116236] Getting camera
2015-07-06 02:31:13.539 bitApp[5097:117110] Camera.getPicture: source type 1 not available.
2015-07-06 02:34:23.854 bitApp[5097:116236] Getting camera
2015-07-06 02:34:23.854 bitApp[5097:117885] Camera.getPicture: source type 1 not available.
2015-07-06 02:35:54.771 bitApp[5410:119075] DiskCookieStorage changing policy from 2 to 0, cookie file: file:///Users/martinezalina/Library/Developer/CoreSimulator/Devices/4B5A9D94-0C47-4ECE-86C0-48253076C2E1/data/Containers/Data/Application/3B388F9B-65F4-4A6E-9810-771FE07E9719/Library/Cookies/Cookies.binarycookies
2015-07-06 02:35:54.858 bitApp[5410:119075] Apache Cordova native platform version 3.8.0 is starting.
2015-07-06 02:35:54.859 bitApp[5410:119075] Multi-tasking -> Device: YES, App: YES
2015-07-06 02:35:54.879 bitApp[5410:119075] Unlimited access to network resources
2015-07-06 02:35:54.979 bitApp[5410:119075] [CDVTimer][keyboard] 0.115037ms
2015-07-06 02:35:54.997 bitApp[5410:119075] [CDVTimer][splashscreen] 17.598987ms
2015-07-06 02:35:55.000 bitApp[5410:119075] [CDVTimer][file] 2.583027ms
2015-07-06 02:35:55.000 bitApp[5410:119075] [CDVTimer][TotalPluginStartup] 21.001995ms
2015-07-06 02:35:55.054 bitApp[5410:119075] Resetting plugins due to page load.
2015-07-06 02:35:55.310 bitApp[5410:119075] Finished load of: file:///Users/martinezalina/Library/Developer/CoreSimulator/Devices/4B5A9D94-0C47-4ECE-86C0-48253076C2E1/data/Containers/Bundle/Application/5F832936-56FD-4D58-95B7-F19C7A7F0B30/bitApp.app/www/index.html#/
2015-07-06 02:36:00.452 bitApp[5410:119075] post.title
2015-07-06 02:36:00.452 bitApp[5410:119084] Camera.getPicture: source type 1 not available.
2015-07-06 02:36:07.808 bitApp[5410:119075] post.title
2015-07-06 02:36:07.808 bitApp[5410:119079] Camera.getPicture: source type 1 not available.
2015-07-06 02:36:15.969 bitApp[5410:119075] post.title
2015-07-06 02:36:15.969 bitApp[5410:119079] Camera.getPicture: source type 1 not available.
2015-07-06 02:36:50.578 bitApp[5698:120205] DiskCookieStorage changing policy from 2 to 0, cookie file: file:///Users/martinezalina/Library/Developer/CoreSimulator/Devices/4B5A9D94-0C47-4ECE-86C0-48253076C2E1/data/Containers/Data/Application/64D9C3F1-6CF2-4314-B190-DF460AB6B24C/Library/Cookies/Cookies.binarycookies
2015-07-06 02:36:50.718 bitApp[5698:120205] Apache Cordova native platform version 3.8.0 is starting.
2015-07-06 02:36:50.718 bitApp[5698:120205] Multi-tasking -> Device: YES, App: YES
2015-07-06 02:36:50.734 bitApp[5698:120205] Unlimited access to network resources
2015-07-06 02:36:50.848 bitApp[5698:120205] [CDVTimer][keyboard] 0.089049ms
2015-07-06 02:36:50.863 bitApp[5698:120205] [CDVTimer][splashscreen] 15.353978ms
2015-07-06 02:36:50.866 bitApp[5698:120205] [CDVTimer][file] 2.888024ms
2015-07-06 02:36:50.867 bitApp[5698:120205] [CDVTimer][TotalPluginStartup] 19.022048ms
2015-07-06 02:36:50.931 bitApp[5698:120205] Resetting plugins due to page load.
2015-07-06 02:36:51.282 bitApp[5698:120205] Finished load of: file:///Users/martinezalina/Library/Developer/CoreSimulator/Devices/4B5A9D94-0C47-4ECE-86C0-48253076C2E1/data/Containers/Bundle/Application/D45F0CD0-7841-4842-A57C-065517302946/bitApp.app/www/index.html#/
2015-07-06 02:36:54.535 bitApp[5698:120205] jhjhjh
2015-07-06 02:36:54.535 bitApp[5698:120210] Camera.getPicture: source type 1 not available.
2015-07-06 02:36:58.969 bitApp[5698:120205] jhjhjh
2015-07-06 02:36:58.969 bitApp[5698:120210] Camera.getPicture: source type 1 not available.
2015-07-06 02:37:00.198 bitApp[5698:120205] jhjhjh
2015-07-06 02:37:00.199 bitApp[5698:120210] Camera.getPicture: source type 1 not available.
2015-07-06 02:37:01.078 bitApp[5698:120205] jhjhjh
2015-07-06 02:37:01.078 bitApp[5698:120210] Camera.getPicture: source type 1 not available.
2015-07-06 02:37:01.389 bitApp[5698:120205] jhjhjh
2015-07-06 02:37:01.389 bitApp[5698:120210] Camera.getPicture: source type 1 not available.
2015-07-06 02:37:01.700 bitApp[5698:120205] jhjhjh
2015-07-06 02:37:01.700 bitApp[5698:120210] Camera.getPicture: source type 1 not available.
2015-07-06 02:38:11.541 bitApp[5698:120205] jhjhjh
2015-07-06 02:38:11.541 bitApp[5698:120737] Camera.getPicture: source type 1 not available.
2015-07-06 02:38:14.248 bitApp[5698:120205] jhjhjh
2015-07-06 02:38:14.249 bitApp[5698:120737] Camera.getPicture: source type 1 not available.
2015-07-06 02:38:32.939 bitApp[5988:121703] DiskCookieStorage changing policy from 2 to 0, cookie file: file:///Users/martinezalina/Library/Developer/CoreSimulator/Devices/4B5A9D94-0C47-4ECE-86C0-48253076C2E1/data/Containers/Data/Application/C3EC2426-95CD-472D-BE2D-24D6B4826A53/Library/Cookies/Cookies.binarycookies
2015-07-06 02:38:33.028 bitApp[5988:121703] Apache Cordova native platform version 3.8.0 is starting.
2015-07-06 02:38:33.029 bitApp[5988:121703] Multi-tasking -> Device: YES, App: YES
2015-07-06 02:38:33.046 bitApp[5988:121703] Unlimited access to network resources
2015-07-06 02:38:33.166 bitApp[5988:121703] [CDVTimer][keyboard] 0.108957ms
2015-07-06 02:38:33.181 bitApp[5988:121703] [CDVTimer][splashscreen] 15.500009ms
2015-07-06 02:38:33.184 bitApp[5988:121703] [CDVTimer][file] 2.626002ms
2015-07-06 02:38:33.184 bitApp[5988:121703] [CDVTimer][TotalPluginStartup] 18.801033ms
2015-07-06 02:38:33.243 bitApp[5988:121703] Resetting plugins due to page load.
2015-07-06 02:38:33.535 bitApp[5988:121703] Finished load of: file:///Users/martinezalina/Library/Developer/CoreSimulator/Devices/4B5A9D94-0C47-4ECE-86C0-48253076C2E1/data/Containers/Bundle/Application/6A8C22D2-41D9-4365-914F-097694693CD7/bitApp.app/www/index.html#/
2015-07-06 02:39:53.591 bitApp[6284:122996] DiskCookieStorage changing policy from 2 to 0, cookie file: file:///Users/martinezalina/Library/Developer/CoreSimulator/Devices/4B5A9D94-0C47-4ECE-86C0-48253076C2E1/data/Containers/Data/Application/1F97E8AC-6792-4AE9-BDB6-B9F97EB7657A/Library/Cookies/Cookies.binarycookies
2015-07-06 02:39:53.708 bitApp[6284:122996] Apache Cordova native platform version 3.8.0 is starting.
2015-07-06 02:39:53.708 bitApp[6284:122996] Multi-tasking -> Device: YES, App: YES
2015-07-06 02:39:53.710 bitApp[6284:122996] Unlimited access to network resources
2015-07-06 02:39:53.823 bitApp[6284:122996] [CDVTimer][keyboard] 0.082016ms
2015-07-06 02:39:53.842 bitApp[6284:122996] [CDVTimer][splashscreen] 18.613040ms
2015-07-06 02:39:53.845 bitApp[6284:122996] [CDVTimer][file] 2.645016ms
2015-07-06 02:39:53.845 bitApp[6284:122996] [CDVTimer][TotalPluginStartup] 21.963000ms
2015-07-06 02:39:53.910 bitApp[6284:122996] Resetting plugins due to page load.
2015-07-06 02:39:54.244 bitApp[6284:122996] Finished load of: file:///Users/martinezalina/Library/Developer/CoreSimulator/Devices/4B5A9D94-0C47-4ECE-86C0-48253076C2E1/data/Containers/Bundle/Application/F0ED7141-C8E8-40BF-BE7A-DBA61EC895CA/bitApp.app/www/index.html#/
2015-07-06 02:40:02.152 bitApp[6284:122996] jhjhjh
2015-07-06 02:40:02.153 bitApp[6284:122996] 0
2015-07-06 02:40:02.153 bitApp[6284:122998] Camera.getPicture: source type 1 not available.
2015-07-06 02:40:05.670 bitApp[6284:122996] jhjhjh
2015-07-06 02:40:05.671 bitApp[6284:122996] 0
2015-07-06 02:40:05.671 bitApp[6284:122998] Camera.getPicture: source type 1 not available.
2015-07-06 02:40:06.594 bitApp[6284:122996] jhjhjh
2015-07-06 02:40:06.594 bitApp[6284:122996] 0
2015-07-06 02:40:06.594 bitApp[6284:122998] Camera.getPicture: source type 1 not available.
2015-07-06 03:18:49.654 bitApp[7082:137273] DiskCookieStorage changing policy from 2 to 0, cookie file: file:///Users/martinezalina/Library/Developer/CoreSimulator/Devices/4B5A9D94-0C47-4ECE-86C0-48253076C2E1/data/Containers/Data/Application/9605427C-D5DC-49C7-9225-09B34CFBFB8D/Library/Cookies/Cookies.binarycookies
2015-07-06 03:18:51.639 bitApp[7082:137273] Apache Cordova native platform version 3.8.0 is starting.
2015-07-06 03:18:51.640 bitApp[7082:137273] Multi-tasking -> Device: YES, App: YES
2015-07-06 03:18:51.761 bitApp[7082:137273] Unlimited access to network resources
2015-07-06 03:18:51.964 bitApp[7082:137273] [CDVTimer][keyboard] 0.468016ms
2015-07-06 03:18:52.016 bitApp[7082:137273] [CDVTimer][splashscreen] 50.997972ms
2015-07-06 03:18:52.036 bitApp[7082:137273] [CDVTimer][file] 20.462036ms
2015-07-06 03:18:52.036 bitApp[7082:137273] [CDVTimer][TotalPluginStartup] 72.465003ms
2015-07-06 03:18:52.251 bitApp[7082:137273] Resetting plugins due to page load.
2015-07-06 03:18:52.896 bitApp[7082:137273] Finished load of: file:///Users/martinezalina/Library/Developer/CoreSimulator/Devices/4B5A9D94-0C47-4ECE-86C0-48253076C2E1/data/Containers/Bundle/Application/783FDD84-06FC-44FE-8A72-457A9C3F0F6D/bitApp.app/www/index.html#/
2015-07-06 03:34:56.824 bitApp[7705:144727] DiskCookieStorage changing policy from 2 to 0, cookie file: file:///Users/martinezalina/Library/Developer/CoreSimulator/Devices/4B5A9D94-0C47-4ECE-86C0-48253076C2E1/data/Containers/Data/Application/E44F2E89-892B-4F3D-A594-D45E90C40DC6/Library/Cookies/Cookies.binarycookies
2015-07-06 03:34:56.946 bitApp[7705:144727] Apache Cordova native platform version 3.8.0 is starting.
2015-07-06 03:34:56.946 bitApp[7705:144727] Multi-tasking -> Device: YES, App: YES
2015-07-06 03:34:56.959 bitApp[7705:144727] Unlimited access to network resources
2015-07-06 03:34:57.069 bitApp[7705:144727] [CDVTimer][keyboard] 0.117004ms
2015-07-06 03:34:57.088 bitApp[7705:144727] [CDVTimer][splashscreen] 18.391967ms
2015-07-06 03:34:57.091 bitApp[7705:144727] [CDVTimer][file] 2.488017ms
2015-07-06 03:34:57.091 bitApp[7705:144727] [CDVTimer][TotalPluginStartup] 21.669984ms
2015-07-06 03:34:57.177 bitApp[7705:144727] Resetting plugins due to page load.
2015-07-06 03:34:57.691 bitApp[7705:144727] Finished load of: file:///Users/martinezalina/Library/Developer/CoreSimulator/Devices/4B5A9D94-0C47-4ECE-86C0-48253076C2E1/data/Containers/Bundle/Application/DFCC6711-7523-4FFA-ABE9-9081472049CE/bitApp.app/www/index.html#/
2015-07-06 03:35:03.194 bitApp[7705:144727] start deleting
2015-07-06 03:35:04.239 bitApp[7705:144727] confirmed to delete post 0
2015-07-06 03:35:07.922 bitApp[7705:144727] start deleting
2015-07-06 03:35:09.115 bitApp[7705:144727] confirmed to delete trip and all its posts 0
2015-07-06 03:35:32.013 bitApp[7995:145801] DiskCookieStorage changing policy from 2 to 0, cookie file: file:///Users/martinezalina/Library/Developer/CoreSimulator/Devices/4B5A9D94-0C47-4ECE-86C0-48253076C2E1/data/Containers/Data/Application/8AEDD5DD-20B1-44B9-96FA-27C58EDB1B53/Library/Cookies/Cookies.binarycookies
2015-07-06 03:35:32.125 bitApp[7995:145801] Apache Cordova native platform version 3.8.0 is starting.
2015-07-06 03:35:32.125 bitApp[7995:145801] Multi-tasking -> Device: YES, App: YES
2015-07-06 03:35:32.139 bitApp[7995:145801] Unlimited access to network resources
2015-07-06 03:35:32.254 bitApp[7995:145801] [CDVTimer][keyboard] 0.108004ms
2015-07-06 03:35:32.269 bitApp[7995:145801] [CDVTimer][splashscreen] 14.248013ms
2015-07-06 03:35:32.270 bitApp[7995:145801] [CDVTimer][file] 1.760006ms
2015-07-06 03:35:32.271 bitApp[7995:145801] [CDVTimer][TotalPluginStartup] 16.646981ms
2015-07-06 03:35:32.359 bitApp[7995:145801] Resetting plugins due to page load.
2015-07-06 03:35:33.080 bitApp[7995:145801] Finished load of: file:///Users/martinezalina/Library/Developer/CoreSimulator/Devices/4B5A9D94-0C47-4ECE-86C0-48253076C2E1/data/Containers/Bundle/Application/4D6F01B3-ABDF-445D-B200-83477A4F26FB/bitApp.app/www/index.html#/
2015-07-06 03:35:50.722 bitApp[7995:145801] mhj
2015-07-06 03:35:50.759 bitApp[7995:145801] THREAD WARNING: ['Camera'] took '37.072998' ms. Plugin should use a background thread.
2015-07-06 03:35:50.760 bitApp[7995:145803] Camera.getPicture: source type 1 not available.
2015-07-06 15:26:11.853 bitApp[3110:72938] DiskCookieStorage changing policy from 2 to 0, cookie file: file:///Users/martinezalina/Library/Developer/CoreSimulator/Devices/4B5A9D94-0C47-4ECE-86C0-48253076C2E1/data/Containers/Data/Application/78EBB0F3-4195-4970-B375-F999CCF4E767/Library/Cookies/Cookies.binarycookies
2015-07-06 15:26:12.305 bitApp[3110:72938] Apache Cordova native platform version 3.8.0 is starting.
2015-07-06 15:26:12.305 bitApp[3110:72938] Multi-tasking -> Device: YES, App: YES
2015-07-06 15:26:12.352 bitApp[3110:72938] Unlimited access to network resources
2015-07-06 15:26:13.536 bitApp[3110:72938] [CDVTimer][keyboard] 0.072002ms
2015-07-06 15:26:13.798 bitApp[3110:72938] [CDVTimer][splashscreen] 261.752009ms
2015-07-06 15:26:13.826 bitApp[3110:72938] [CDVTimer][file] 27.664959ms
2015-07-06 15:26:13.899 bitApp[3110:72938] [CDVTimer][socialsharing] 73.589027ms
2015-07-06 15:26:13.899 bitApp[3110:72938] [CDVTimer][TotalPluginStartup] 363.776028ms
2015-07-06 15:26:14.100 bitApp[3110:72938] Resetting plugins due to page load.
2015-07-06 15:26:15.041 bitApp[3110:72938] Finished load of: file:///Users/martinezalina/Library/Developer/CoreSimulator/Devices/4B5A9D94-0C47-4ECE-86C0-48253076C2E1/data/Containers/Bundle/Application/8C2003E7-168C-4567-B85C-487B0FD1C9D9/bitApp.app/www/index.html#/
2015-07-06 15:26:29.009 bitApp[3110:72938] THREAD WARNING: ['SocialSharing'] took '140.398926' ms. Plugin should use a background thread.
2015-07-06 15:39:46.389 bitApp[3802:78471] DiskCookieStorage changing policy from 2 to 0, cookie file: file:///Users/martinezalina/Library/Developer/CoreSimulator/Devices/4B5A9D94-0C47-4ECE-86C0-48253076C2E1/data/Containers/Data/Application/0A77085B-C431-46FA-B32E-FDF5053377D2/Library/Cookies/Cookies.binarycookies
2015-07-06 15:39:46.516 bitApp[3802:78471] Apache Cordova native platform version 3.8.0 is starting.
2015-07-06 15:39:46.517 bitApp[3802:78471] Multi-tasking -> Device: YES, App: YES
2015-07-06 15:39:46.529 bitApp[3802:78471] Unlimited access to network resources
2015-07-06 15:39:46.642 bitApp[3802:78471] [CDVTimer][keyboard] 0.055015ms
2015-07-06 15:39:46.657 bitApp[3802:78471] [CDVTimer][splashscreen] 15.730977ms
2015-07-06 15:39:46.659 bitApp[3802:78471] [CDVTimer][file] 1.716018ms
2015-07-06 15:39:46.704 bitApp[3802:78471] [CDVTimer][socialsharing] 44.272959ms
2015-07-06 15:39:46.704 bitApp[3802:78471] [CDVTimer][TotalPluginStartup] 62.344968ms
2015-07-06 15:39:46.789 bitApp[3802:78471] Resetting plugins due to page load.
2015-07-06 15:39:47.064 bitApp[3802:78471] Finished load of: file:///Users/martinezalina/Library/Developer/CoreSimulator/Devices/4B5A9D94-0C47-4ECE-86C0-48253076C2E1/data/Containers/Bundle/Application/CD73A27C-264B-4A73-A258-42DBF7AA862C/bitApp.app/www/index.html#/
2015-07-06 15:40:28.028 bitApp[3802:78471] init latlng
2015-07-06 15:40:37.707 bitApp[3802:78471] init latlng
2015-07-06 15:40:47.909 bitApp[3802:78471] hghg
2015-07-06 15:40:47.943 bitApp[3802:78471] THREAD WARNING: ['Camera'] took '33.342285' ms. Plugin should use a background thread.
2015-07-06 15:40:47.943 bitApp[3802:78826] Camera.getPicture: source type 1 not available.
2015-07-06 15:40:49.848 bitApp[3802:78471] hghg
2015-07-06 15:40:49.848 bitApp[3802:78826] Camera.getPicture: source type 1 not available.
2015-07-06 15:40:50.032 bitApp[3802:78471] hghg
2015-07-06 15:40:50.033 bitApp[3802:78826] Camera.getPicture: source type 1 not available.
2015-07-06 15:40:50.248 bitApp[3802:78471] hghg
2015-07-06 15:40:50.248 bitApp[3802:78826] Camera.getPicture: source type 1 not available.
2015-07-06 15:41:13.647 bitApp[3802:78867] plugin com.apple.share.Facebook.post invalidated
2015-07-06 16:04:50.337 bitApp[5149:88349] DiskCookieStorage changing policy from 2 to 0, cookie file: file:///Users/martinezalina/Library/Developer/CoreSimulator/Devices/4B5A9D94-0C47-4ECE-86C0-48253076C2E1/data/Containers/Data/Application/82E864C5-AEE0-40F0-A83B-FDAFB14E3951/Library/Cookies/Cookies.binarycookies
2015-07-06 16:04:50.470 bitApp[5149:88349] Apache Cordova native platform version 3.8.0 is starting.
2015-07-06 16:04:50.471 bitApp[5149:88349] Multi-tasking -> Device: YES, App: YES
2015-07-06 16:04:50.474 bitApp[5149:88349] Unlimited access to network resources
2015-07-06 16:04:50.588 bitApp[5149:88349] [CDVTimer][keyboard] 0.110030ms
2015-07-06 16:04:50.602 bitApp[5149:88349] [CDVTimer][splashscreen] 13.194025ms
2015-07-06 16:04:50.605 bitApp[5149:88349] [CDVTimer][file] 2.867997ms
2015-07-06 16:04:50.656 bitApp[5149:88349] [CDVTimer][socialsharing] 51.227987ms
2015-07-06 16:04:50.656 bitApp[5149:88349] [CDVTimer][TotalPluginStartup] 68.466961ms
2015-07-06 16:04:50.746 bitApp[5149:88349] Resetting plugins due to page load.
2015-07-06 16:04:52.208 bitApp[5149:88349] Finished load of: file:///Users/martinezalina/Library/Developer/CoreSimulator/Devices/4B5A9D94-0C47-4ECE-86C0-48253076C2E1/data/Containers/Bundle/Application/9D5964E4-EA3C-47E4-846D-7D975CAEEE35/bitApp.app/www/index.html#/
2015-07-06 16:04:56.152 bitApp[5149:88349] THREAD WARNING: ['SocialSharing'] took '154.891846' ms. Plugin should use a background thread.
2015-07-06 16:16:35.334 bitApp[5149:88349] init latlng
2015-07-06 16:25:29.947 bitApp[5879:96013] DiskCookieStorage changing policy from 2 to 0, cookie file: file:///Users/martinezalina/Library/Developer/CoreSimulator/Devices/4B5A9D94-0C47-4ECE-86C0-48253076C2E1/data/Containers/Data/Application/37C18376-E0D2-4705-AB5C-C8A0CCC57359/Library/Cookies/Cookies.binarycookies
2015-07-06 16:25:30.075 bitApp[5879:96013] Apache Cordova native platform version 3.8.0 is starting.
2015-07-06 16:25:30.076 bitApp[5879:96013] Multi-tasking -> Device: YES, App: YES
2015-07-06 16:25:30.079 bitApp[5879:96013] Unlimited access to network resources
2015-07-06 16:25:30.202 bitApp[5879:96013] [CDVTimer][keyboard] 0.086010ms
2015-07-06 16:25:30.219 bitApp[5879:96013] [CDVTimer][splashscreen] 16.084969ms
2015-07-06 16:25:30.222 bitApp[5879:96013] [CDVTimer][file] 2.690971ms
2015-07-06 16:25:30.266 bitApp[5879:96013] [CDVTimer][socialsharing] 43.778956ms
2015-07-06 16:25:30.266 bitApp[5879:96013] [CDVTimer][TotalPluginStartup] 63.446999ms
2015-07-06 16:25:30.345 bitApp[5879:96013] Resetting plugins due to page load.
2015-07-06 16:25:33.392 bitApp[5879:96013] Finished load of: file:///Users/martinezalina/Library/Developer/CoreSimulator/Devices/4B5A9D94-0C47-4ECE-86C0-48253076C2E1/data/Containers/Bundle/Application/BC8DC6F4-CDD5-4A8E-A7B9-85ADD3DE2D56/bitApp.app/www/index.html#/
2015-07-06 16:25:49.793 bitApp[5879:96017] Camera.getPicture: source type 1 not available.
2015-07-06 16:26:01.155 bitApp[5879:96013] jjjj
2015-07-06 16:26:01.156 bitApp[5879:96017] Camera.getPicture: source type 1 not available.
2015-07-06 16:26:02.574 bitApp[5879:96013] jjjj
2015-07-06 16:26:02.575 bitApp[5879:96017] Camera.getPicture: source type 1 not available.
2015-07-06 16:30:31.501 bitApp[5879:98194] Terminating since there is no system app.
2015-07-11 02:36:59.603 bitApp[5178:166539] DiskCookieStorage changing policy from 2 to 0, cookie file: file:///Users/martinezalina/Library/Developer/CoreSimulator/Devices/4B5A9D94-0C47-4ECE-86C0-48253076C2E1/data/Containers/Data/Application/2654D3F3-28B6-4DD7-8C80-00863861F689/Library/Cookies/Cookies.binarycookies
2015-07-11 02:37:00.176 bitApp[5178:166539] Apache Cordova native platform version 3.8.0 is starting.
2015-07-11 02:37:00.176 bitApp[5178:166539] Multi-tasking -> Device: YES, App: YES
2015-07-11 02:37:00.203 bitApp[5178:166539] Unlimited access to network resources
2015-07-11 02:37:01.574 bitApp[5178:166539] [CDVTimer][keyboard] 0.108004ms
2015-07-11 02:37:01.978 bitApp[5178:166539] [CDVTimer][splashscreen] 404.721975ms
2015-07-11 02:37:02.018 bitApp[5178:166539] [CDVTimer][file] 39.048016ms
2015-07-11 02:37:02.114 bitApp[5178:166539] [CDVTimer][socialsharing] 96.673965ms
2015-07-11 02:37:02.115 bitApp[5178:166539] [CDVTimer][TotalPluginStartup] 541.307032ms
2015-07-11 02:37:02.280 bitApp[5178:166539] Resetting plugins due to page load.
2015-07-11 02:37:03.509 bitApp[5178:166539] Finished load of: file:///Users/martinezalina/Library/Developer/CoreSimulator/Devices/4B5A9D94-0C47-4ECE-86C0-48253076C2E1/data/Containers/Bundle/Application/545C6E51-D61E-4258-9394-489F7C852E40/bitApp.app/www/index.html#/
2015-07-11 02:41:42.203 bitApp[5178:166539] THREAD WARNING: ['SocialSharing'] took '274.145996' ms. Plugin should use a background thread.
2015-07-11 02:41:57.779 bitApp[5178:168812] plugin com.apple.share.Facebook.post invalidated
2015-07-11 02:43:52.253 bitApp[6380:171640] DiskCookieStorage changing policy from 2 to 0, cookie file: file:///Users/martinezalina/Library/Developer/CoreSimulator/Devices/4B5A9D94-0C47-4ECE-86C0-48253076C2E1/data/Containers/Data/Application/F46496F5-9096-4663-9455-D525718B9872/Library/Cookies/Cookies.binarycookies
2015-07-11 02:43:52.579 bitApp[6380:171640] Apache Cordova native platform version 3.8.0 is starting.
2015-07-11 02:43:52.579 bitApp[6380:171640] Multi-tasking -> Device: YES, App: YES
2015-07-11 02:43:52.680 bitApp[6380:171640] Unlimited access to network resources
2015-07-11 02:43:53.300 bitApp[6380:171640] [CDVTimer][keyboard] 0.057995ms
2015-07-11 02:43:53.315 bitApp[6380:171640] [CDVTimer][splashscreen] 14.711022ms
2015-07-11 02:43:53.317 bitApp[6380:171640] [CDVTimer][file] 2.461970ms
2015-07-11 02:43:53.357 bitApp[6380:171640] [CDVTimer][socialsharing] 39.835989ms
2015-07-11 02:43:53.357 bitApp[6380:171640] [CDVTimer][TotalPluginStartup] 57.774007ms
2015-07-11 02:43:53.424 bitApp[6380:171640] Resetting plugins due to page load.
2015-07-11 02:43:54.715 bitApp[6380:171640] Finished load of: file:///Users/martinezalina/Library/Developer/CoreSimulator/Devices/4B5A9D94-0C47-4ECE-86C0-48253076C2E1/data/Containers/Bundle/Application/FBE43E02-370D-49F9-89E4-E9ECCADEBB09/bitApp.app/www/index.html#/
2015-07-11 02:44:02.780 bitApp[6380:171640] THREAD WARNING: ['SocialSharing'] took '159.790039' ms. Plugin should use a background thread.
2015-07-11 02:44:12.989 bitApp[6380:171640] viewServiceDidTerminateWithError: Error Domain=_UIViewServiceInterfaceErrorDomain Code=3 "The operation couldn’t be completed. (_UIViewServiceInterfaceErrorDomain error 3.)" UserInfo=0x7b6cb8a0 {Message=Service Connection Interrupted}
2015-07-11 02:44:12.992 bitApp[6380:171640] viewServiceDidTerminateWithError: Error Domain=_UIViewServiceInterfaceErrorDomain Code=3 "The operation couldn’t be completed. (_UIViewServiceInterfaceErrorDomain error 3.)" UserInfo=0x7cbcbb70 {Message=Service Connection Interrupted}
2015-07-11 02:47:55.909 bitApp[7545:175005] DiskCookieStorage changing policy from 2 to 0, cookie file: file:///Users/martinezalina/Library/Developer/CoreSimulator/Devices/4B5A9D94-0C47-4ECE-86C0-48253076C2E1/data/Containers/Data/Application/12A11A9F-1D2B-4925-BC6B-E966734441A6/Library/Cookies/Cookies.binarycookies
2015-07-11 02:47:56.043 bitApp[7545:175005] Apache Cordova native platform version 3.8.0 is starting.
2015-07-11 02:47:56.044 bitApp[7545:175005] Multi-tasking -> Device: YES, App: YES
2015-07-11 02:47:56.056 bitApp[7545:175005] Unlimited access to network resources
2015-07-11 02:47:56.154 bitApp[7545:175005] [CDVTimer][keyboard] 0.055969ms
2015-07-11 02:47:56.165 bitApp[7545:175005] [CDVTimer][splashscreen] 10.544002ms
2015-07-11 02:47:56.167 bitApp[7545:175005] [CDVTimer][file] 2.681017ms
2015-07-11 02:47:56.210 bitApp[7545:175005] [CDVTimer][socialsharing] 42.105973ms
2015-07-11 02:47:56.210 bitApp[7545:175005] [CDVTimer][TotalPluginStartup] 56.029022ms
2015-07-11 02:47:56.299 bitApp[7545:175005] Resetting plugins due to page load.
2015-07-11 02:47:56.803 bitApp[7545:175005] Finished load of: file:///Users/martinezalina/Library/Developer/CoreSimulator/Devices/4B5A9D94-0C47-4ECE-86C0-48253076C2E1/data/Containers/Bundle/Application/CC42D7B4-C4BD-47F0-B079-1B70C2D10763/bitApp.app/www/index.html#/
2015-07-11 02:52:35.111 bitApp[7545:175005] Unknown activity items supplied: (
    "<null>"
)
2015-07-11 02:52:35.141 bitApp[7545:175005] THREAD WARNING: ['SocialSharing'] took '32.107178' ms. Plugin should use a background thread.
2015-07-11 02:52:41.010 bitApp[7545:175005] Unknown activity items supplied: (
    "<null>"
)
2015-07-11 02:52:41.025 bitApp[7545:175005] THREAD WARNING: ['SocialSharing'] took '15.645752' ms. Plugin should use a background thread.
2015-07-11 02:54:47.051 bitApp[8729:179211] DiskCookieStorage changing policy from 2 to 0, cookie file: file:///Users/martinezalina/Library/Developer/CoreSimulator/Devices/4B5A9D94-0C47-4ECE-86C0-48253076C2E1/data/Containers/Data/Application/FF670148-B530-417E-93FF-CD60B03E40AD/Library/Cookies/Cookies.binarycookies
2015-07-11 02:54:47.176 bitApp[8729:179211] Apache Cordova native platform version 3.8.0 is starting.
2015-07-11 02:54:47.176 bitApp[8729:179211] Multi-tasking -> Device: YES, App: YES
2015-07-11 02:54:47.179 bitApp[8729:179211] Unlimited access to network resources
2015-07-11 02:54:47.334 bitApp[8729:179211] [CDVTimer][keyboard] 0.088036ms
2015-07-11 02:54:47.347 bitApp[8729:179211] [CDVTimer][splashscreen] 12.719035ms
2015-07-11 02:54:47.350 bitApp[8729:179211] [CDVTimer][file] 2.735019ms
2015-07-11 02:54:47.395 bitApp[8729:179211] [CDVTimer][socialsharing] 45.506001ms
2015-07-11 02:54:47.395 bitApp[8729:179211] [CDVTimer][TotalPluginStartup] 61.892033ms
2015-07-11 02:54:47.467 bitApp[8729:179211] Resetting plugins due to page load.
2015-07-11 02:54:47.990 bitApp[8729:179211] Finished load of: file:///Users/martinezalina/Library/Developer/CoreSimulator/Devices/4B5A9D94-0C47-4ECE-86C0-48253076C2E1/data/Containers/Bundle/Application/656EB3EB-A3DE-4F94-AEF9-A3480700D3B1/bitApp.app/www/index.html#/
2015-07-11 02:54:56.613 bitApp[8729:179211] THREAD WARNING: ['SocialSharing'] took '53.498047' ms. Plugin should use a background thread.
2015-07-11 02:55:05.415 bitApp[8729:179211] <MFMailComposeRemoteViewController: 0x7b86a200> timed out waiting for fence barrier from com.apple.MailCompositionService
2015-07-11 02:55:05.925 bitApp[8729:179211] viewServiceDidTerminateWithError: Error Domain=_UIViewServiceInterfaceErrorDomain Code=3 "The operation couldn’t be completed. (_UIViewServiceInterfaceErrorDomain error 3.)" UserInfo=0x7a00fac0 {Message=Service Connection Interrupted}
2015-07-11 02:55:05.931 bitApp[8729:179211] viewServiceDidTerminateWithError: Error Domain=_UIViewServiceInterfaceErrorDomain Code=3 "The operation couldn’t be completed. (_UIViewServiceInterfaceErrorDomain error 3.)" UserInfo=0x7a00fd70 {Message=Service Connection Interrupted}
2015-07-11 02:55:08.886 bitApp[8729:179211] THREAD WARNING: ['SocialSharing'] took '14.370850' ms. Plugin should use a background thread.
2015-07-11 02:55:12.972 bitApp[8729:179211] <MFMailComposeRemoteViewController: 0x7a884000> timed out waiting for fence barrier from com.apple.MailCompositionService
2015-07-11 02:55:12.979 bitApp[8729:179211] viewServiceDidTerminateWithError: Error Domain=_UIViewServiceInterfaceErrorDomain Code=3 "The operation couldn’t be completed. (_UIViewServiceInterfaceErrorDomain error 3.)" UserInfo=0x7a0b8ae0 {Message=Service Connection Interrupted}
2015-07-11 02:56:28.244 bitApp[9881:182077] DiskCookieStorage changing policy from 2 to 0, cookie file: file:///Users/martinezalina/Library/Developer/CoreSimulator/Devices/4B5A9D94-0C47-4ECE-86C0-48253076C2E1/data/Containers/Data/Application/2FD6849C-A8AC-441F-9A57-13CDEDE21C32/Library/Cookies/Cookies.binarycookies
2015-07-11 02:56:28.368 bitApp[9881:182077] Apache Cordova native platform version 3.8.0 is starting.
2015-07-11 02:56:28.369 bitApp[9881:182077] Multi-tasking -> Device: YES, App: YES
2015-07-11 02:56:28.385 bitApp[9881:182077] Unlimited access to network resources
2015-07-11 02:56:28.499 bitApp[9881:182077] [CDVTimer][keyboard] 0.104010ms
2015-07-11 02:56:28.512 bitApp[9881:182077] [CDVTimer][splashscreen] 12.404025ms
2015-07-11 02:56:28.515 bitApp[9881:182077] [CDVTimer][file] 3.342986ms
2015-07-11 02:56:28.559 bitApp[9881:182077] [CDVTimer][socialsharing] 43.905973ms
2015-07-11 02:56:28.559 bitApp[9881:182077] [CDVTimer][TotalPluginStartup] 60.570955ms
2015-07-11 02:56:28.636 bitApp[9881:182077] Resetting plugins due to page load.
2015-07-11 02:56:29.301 bitApp[9881:182077] Finished load of: file:///Users/martinezalina/Library/Developer/CoreSimulator/Devices/4B5A9D94-0C47-4ECE-86C0-48253076C2E1/data/Containers/Bundle/Application/86F813ED-B3C6-4921-89EB-43D360AEF14F/bitApp.app/www/index.html#/
2015-07-11 02:56:38.646 bitApp[9881:182077] THREAD WARNING: ['SocialSharing'] took '74.831055' ms. Plugin should use a background thread.
2015-07-11 02:59:05.428 bitApp[11071:184958] DiskCookieStorage changing policy from 2 to 0, cookie file: file:///Users/martinezalina/Library/Developer/CoreSimulator/Devices/4B5A9D94-0C47-4ECE-86C0-48253076C2E1/data/Containers/Data/Application/3F5F1338-231E-4109-A5C7-8D075ECFA4AB/Library/Cookies/Cookies.binarycookies
2015-07-11 02:59:05.557 bitApp[11071:184958] Apache Cordova native platform version 3.8.0 is starting.
2015-07-11 02:59:05.557 bitApp[11071:184958] Multi-tasking -> Device: YES, App: YES
2015-07-11 02:59:05.559 bitApp[11071:184958] Unlimited access to network resources
2015-07-11 02:59:05.670 bitApp[11071:184958] [CDVTimer][keyboard] 0.086963ms
2015-07-11 02:59:05.683 bitApp[11071:184958] [CDVTimer][splashscreen] 12.943983ms
2015-07-11 02:59:05.687 bitApp[11071:184958] [CDVTimer][file] 3.267050ms
2015-07-11 02:59:05.734 bitApp[11071:184958] [CDVTimer][socialsharing] 46.673954ms
2015-07-11 02:59:05.734 bitApp[11071:184958] [CDVTimer][TotalPluginStartup] 63.847005ms
2015-07-11 02:59:05.825 bitApp[11071:184958] Resetting plugins due to page load.
2015-07-11 02:59:06.327 bitApp[11071:184958] Finished load of: file:///Users/martinezalina/Library/Developer/CoreSimulator/Devices/4B5A9D94-0C47-4ECE-86C0-48253076C2E1/data/Containers/Bundle/Application/3CEB1D4C-DC63-4CAE-815F-B03C7D3B88C2/bitApp.app/www/index.html#/
2015-07-11 02:59:22.558 bitApp[11071:184958] THREAD WARNING: ['SocialSharing'] took '67.177002' ms. Plugin should use a background thread.
2015-07-11 02:59:26.882 bitApp[11071:184958] <MFMailComposeRemoteViewController: 0x7b26f200> timed out waiting for fence barrier from com.apple.MailCompositionService
2015-07-11 02:59:27.391 bitApp[11071:184958] viewServiceDidTerminateWithError: Error Domain=_UIViewServiceInterfaceErrorDomain Code=3 "The operation couldn’t be completed. (_UIViewServiceInterfaceErrorDomain error 3.)" UserInfo=0x79805ae0 {Message=Service Connection Interrupted}
2015-07-11 02:59:27.402 bitApp[11071:184958] viewServiceDidTerminateWithError: Error Domain=_UIViewServiceInterfaceErrorDomain Code=3 "The operation couldn’t be completed. (_UIViewServiceInterfaceErrorDomain error 3.)" UserInfo=0x798dc9c0 {Message=Service Connection Interrupted}
2015-07-11 03:03:42.590 bitApp[11648:187589] DiskCookieStorage changing policy from 2 to 0, cookie file: file:///Users/martinezalina/Library/Developer/CoreSimulator/Devices/4B5A9D94-0C47-4ECE-86C0-48253076C2E1/data/Containers/Data/Application/69ED8D5D-2EB0-4009-ADA9-D51776A608FC/Library/Cookies/Cookies.binarycookies
2015-07-11 03:03:42.709 bitApp[11648:187589] Apache Cordova native platform version 3.8.0 is starting.
2015-07-11 03:03:42.710 bitApp[11648:187589] Multi-tasking -> Device: YES, App: YES
2015-07-11 03:03:42.724 bitApp[11648:187589] Unlimited access to network resources
2015-07-11 03:03:42.826 bitApp[11648:187589] [CDVTimer][keyboard] 0.102997ms
2015-07-11 03:03:42.836 bitApp[11648:187589] [CDVTimer][splashscreen] 10.116041ms
2015-07-11 03:03:42.838 bitApp[11648:187589] [CDVTimer][file] 1.675010ms
2015-07-11 03:03:42.881 bitApp[11648:187589] [CDVTimer][socialsharing] 42.766988ms
2015-07-11 03:03:42.881 bitApp[11648:187589] [CDVTimer][TotalPluginStartup] 55.382967ms
2015-07-11 03:03:42.961 bitApp[11648:187589] Resetting plugins due to page load.
2015-07-11 03:03:43.559 bitApp[11648:187589] Finished load of: file:///Users/martinezalina/Library/Developer/CoreSimulator/Devices/4B5A9D94-0C47-4ECE-86C0-48253076C2E1/data/Containers/Bundle/Application/A0C5B831-1B37-468B-979C-2AE343568F77/bitApp.app/www/index.html#/
2015-07-11 03:10:01.476 bitApp[11648:187589] THREAD WARNING: ['SocialSharing'] took '70.239014' ms. Plugin should use a background thread.
2015-07-11 03:10:07.349 bitApp[11648:187589] THREAD WARNING: ['SocialSharing'] took '38.707275' ms. Plugin should use a background thread.
2015-07-11 03:10:11.867 bitApp[11648:187589] <MFMailComposeRemoteViewController: 0x7d183400> timed out waiting for fence barrier from com.apple.MailCompositionService
2015-07-11 03:10:12.375 bitApp[11648:187589] viewServiceDidTerminateWithError: Error Domain=_UIViewServiceInterfaceErrorDomain Code=3 "The operation couldn’t be completed. (_UIViewServiceInterfaceErrorDomain error 3.)" UserInfo=0x7b8cd6d0 {Message=Service Connection Interrupted}
2015-07-11 03:10:12.387 bitApp[11648:187589] viewServiceDidTerminateWithError: Error Domain=_UIViewServiceInterfaceErrorDomain Code=3 "The operation couldn’t be completed. (_UIViewServiceInterfaceErrorDomain error 3.)" UserInfo=0x7b8da110 {Message=Service Connection Interrupted}
2015-07-11 03:18:02.790 bitApp[12921:194260] DiskCookieStorage changing policy from 2 to 0, cookie file: file:///Users/martinezalina/Library/Developer/CoreSimulator/Devices/4B5A9D94-0C47-4ECE-86C0-48253076C2E1/data/Containers/Data/Application/4307E90F-135E-4345-A849-B3C5FC8C981E/Library/Cookies/Cookies.binarycookies
2015-07-11 03:18:02.902 bitApp[12921:194260] Apache Cordova native platform version 3.8.0 is starting.
2015-07-11 03:18:02.903 bitApp[12921:194260] Multi-tasking -> Device: YES, App: YES
2015-07-11 03:18:02.919 bitApp[12921:194260] Unlimited access to network resources
2015-07-11 03:18:03.026 bitApp[12921:194260] [CDVTimer][keyboard] 8.758962ms
2015-07-11 03:18:03.036 bitApp[12921:194260] [CDVTimer][splashscreen] 9.902000ms
2015-07-11 03:18:03.039 bitApp[12921:194260] [CDVTimer][file] 2.867043ms
2015-07-11 03:18:03.080 bitApp[12921:194260] [CDVTimer][socialsharing] 40.489018ms
2015-07-11 03:18:03.080 bitApp[12921:194260] [CDVTimer][TotalPluginStartup] 62.596023ms
2015-07-11 03:18:03.142 bitApp[12921:194260] Resetting plugins due to page load.
2015-07-11 03:18:03.882 bitApp[12921:194260] Finished load of: file:///Users/martinezalina/Library/Developer/CoreSimulator/Devices/4B5A9D94-0C47-4ECE-86C0-48253076C2E1/data/Containers/Bundle/Application/E4440624-5021-462B-8541-9420A12B6E54/bitApp.app/www/index.html#/
2015-07-11 03:18:13.797 bitApp[12921:194260] THREAD WARNING: ['SocialSharing'] took '85.402100' ms. Plugin should use a background thread.
2015-07-11 03:18:19.506 bitApp[12921:194260] THREAD WARNING: ['SocialSharing'] took '40.491943' ms. Plugin should use a background thread.
2015-07-11 03:28:16.924 bitApp[14148:199828] DiskCookieStorage changing policy from 2 to 0, cookie file: file:///Users/martinezalina/Library/Developer/CoreSimulator/Devices/4B5A9D94-0C47-4ECE-86C0-48253076C2E1/data/Containers/Data/Application/67CB1258-A81A-4C27-A388-984229603DED/Library/Cookies/Cookies.binarycookies
2015-07-11 03:28:17.052 bitApp[14148:199828] Apache Cordova native platform version 3.8.0 is starting.
2015-07-11 03:28:17.052 bitApp[14148:199828] Multi-tasking -> Device: YES, App: YES
2015-07-11 03:28:17.055 bitApp[14148:199828] Unlimited access to network resources
2015-07-11 03:28:17.164 bitApp[14148:199828] [CDVTimer][keyboard] 0.075042ms
2015-07-11 03:28:17.180 bitApp[14148:199828] [CDVTimer][splashscreen] 15.586972ms
2015-07-11 03:28:17.183 bitApp[14148:199828] [CDVTimer][file] 2.849996ms
2015-07-11 03:28:17.229 bitApp[14148:199828] [CDVTimer][socialsharing] 46.472013ms
2015-07-11 03:28:17.230 bitApp[14148:199828] [CDVTimer][TotalPluginStartup] 65.832973ms
2015-07-11 03:28:17.326 bitApp[14148:199828] Resetting plugins due to page load.
2015-07-11 03:28:18.006 bitApp[14148:199828] Finished load of: file:///Users/martinezalina/Library/Developer/CoreSimulator/Devices/4B5A9D94-0C47-4ECE-86C0-48253076C2E1/data/Containers/Bundle/Application/75DA7765-A36F-48CC-AD90-1CFC3F3B2299/bitApp.app/www/index.html#/
2015-07-11 03:28:35.058 bitApp[14148:199828] THREAD WARNING: ['SocialSharing'] took '83.337891' ms. Plugin should use a background thread.
2015-07-11 03:29:17.765 bitApp[14148:199828] THREAD WARNING: ['SocialSharing'] took '36.773193' ms. Plugin should use a background thread.
2015-07-11 03:38:57.599 bitApp[16498:206904] DiskCookieStorage changing policy from 2 to 0, cookie file: file:///Users/martinezalina/Library/Developer/CoreSimulator/Devices/4B5A9D94-0C47-4ECE-86C0-48253076C2E1/data/Containers/Data/Application/FC0C032C-5DC8-410E-87E9-25C67CB6D9CB/Library/Cookies/Cookies.binarycookies
2015-07-11 03:38:57.728 bitApp[16498:206904] Apache Cordova native platform version 3.8.0 is starting.
2015-07-11 03:38:57.728 bitApp[16498:206904] Multi-tasking -> Device: YES, App: YES
2015-07-11 03:38:57.731 bitApp[16498:206904] Unlimited access to network resources
2015-07-11 03:38:57.837 bitApp[16498:206904] [CDVTimer][keyboard] 0.088036ms
2015-07-11 03:38:57.850 bitApp[16498:206904] [CDVTimer][splashscreen] 13.607979ms
2015-07-11 03:38:57.852 bitApp[16498:206904] [CDVTimer][file] 1.797974ms
2015-07-11 03:38:57.901 bitApp[16498:206904] [CDVTimer][socialsharing] 48.640013ms
2015-07-11 03:38:57.901 bitApp[16498:206904] [CDVTimer][TotalPluginStartup] 64.828992ms
2015-07-11 03:38:57.991 bitApp[16498:206904] Resetting plugins due to page load.
2015-07-11 03:38:58.731 bitApp[16498:206904] Finished load of: file:///Users/martinezalina/Library/Developer/CoreSimulator/Devices/4B5A9D94-0C47-4ECE-86C0-48253076C2E1/data/Containers/Bundle/Application/D757EBC7-15E1-4E28-A8A7-312D9856BD0D/bitApp.app/www/index.html
2015-07-11 04:23:22.409 bitApp[18437:222007] DiskCookieStorage changing policy from 2 to 0, cookie file: file:///Users/martinezalina/Library/Developer/CoreSimulator/Devices/4B5A9D94-0C47-4ECE-86C0-48253076C2E1/data/Containers/Data/Application/538371E3-1B12-4B5E-B917-F5641F2A6C2D/Library/Cookies/Cookies.binarycookies
2015-07-11 04:23:22.709 bitApp[18437:222007] Apache Cordova native platform version 3.8.0 is starting.
2015-07-11 04:23:22.710 bitApp[18437:222007] Multi-tasking -> Device: YES, App: YES
2015-07-11 04:23:22.752 bitApp[18437:222007] Unlimited access to network resources
2015-07-11 04:23:22.999 bitApp[18437:222007] [CDVTimer][keyboard] 0.406027ms
2015-07-11 04:23:23.098 bitApp[18437:222007] [CDVTimer][splashscreen] 98.279953ms
2015-07-11 04:23:23.109 bitApp[18437:222007] [CDVTimer][file] 10.731995ms
2015-07-11 04:23:23.213 bitApp[18437:222007] [CDVTimer][socialsharing] 104.274035ms
2015-07-11 04:23:23.214 bitApp[18437:222007] [CDVTimer][TotalPluginStartup] 215.449035ms
2015-07-11 04:23:23.307 bitApp[18437:222007] Resetting plugins due to page load.
2015-07-11 04:23:24.056 bitApp[18437:222007] Finished load of: file:///Users/martinezalina/Library/Developer/CoreSimulator/Devices/4B5A9D94-0C47-4ECE-86C0-48253076C2E1/data/Containers/Bundle/Application/ACE30D2E-9201-4D3C-99BE-18B5DAE4F0DF/bitApp.app/www/index.html#/
2015-07-11 04:23:27.178 bitApp[18437:222007] THREAD WARNING: ['File'] took '67.746826' ms. Plugin should use a background thread.
2015-07-11 04:24:55.783 bitApp[18437:222007] THREAD WARNING: ['SocialSharing'] took '582.318848' ms. Plugin should use a background thread.
2015-07-11 04:25:59.191 bitApp[19606:224964] DiskCookieStorage changing policy from 2 to 0, cookie file: file:///Users/martinezalina/Library/Developer/CoreSimulator/Devices/4B5A9D94-0C47-4ECE-86C0-48253076C2E1/data/Containers/Data/Application/6B3729E7-4EE0-472A-A6ED-7E974F617C2B/Library/Cookies/Cookies.binarycookies
2015-07-11 04:25:59.341 bitApp[19606:224964] Apache Cordova native platform version 3.8.0 is starting.
2015-07-11 04:25:59.342 bitApp[19606:224964] Multi-tasking -> Device: YES, App: YES
2015-07-11 04:25:59.345 bitApp[19606:224964] Unlimited access to network resources
2015-07-11 04:25:59.464 bitApp[19606:224964] [CDVTimer][keyboard] 0.088990ms
2015-07-11 04:25:59.480 bitApp[19606:224964] [CDVTimer][splashscreen] 16.046047ms
2015-07-11 04:25:59.483 bitApp[19606:224964] [CDVTimer][file] 2.703011ms
2015-07-11 04:25:59.533 bitApp[19606:224964] [CDVTimer][socialsharing] 49.528003ms
2015-07-11 04:25:59.533 bitApp[19606:224964] [CDVTimer][TotalPluginStartup] 69.194019ms
2015-07-11 04:25:59.632 bitApp[19606:224964] Resetting plugins due to page load.
2015-07-11 04:26:00.382 bitApp[19606:224964] Finished load of: file:///Users/martinezalina/Library/Developer/CoreSimulator/Devices/4B5A9D94-0C47-4ECE-86C0-48253076C2E1/data/Containers/Bundle/Application/45FD3CEC-A3BC-4A12-9BFF-ACCA4F17A635/bitApp.app/www/index.html#/
2015-07-11 04:45:44.482 bitApp[20901:233906] DiskCookieStorage changing policy from 2 to 0, cookie file: file:///Users/martinezalina/Library/Developer/CoreSimulator/Devices/4B5A9D94-0C47-4ECE-86C0-48253076C2E1/data/Containers/Data/Application/0A4FB69E-329F-40E6-B60F-C54D4CB0DEDE/Library/Cookies/Cookies.binarycookies
2015-07-11 04:45:44.580 bitApp[20901:233906] Apache Cordova native platform version 3.8.0 is starting.
2015-07-11 04:45:44.581 bitApp[20901:233906] Multi-tasking -> Device: YES, App: YES
2015-07-11 04:45:44.603 bitApp[20901:233906] Unlimited access to network resources
2015-07-11 04:45:44.692 bitApp[20901:233906] [CDVTimer][keyboard] 0.060022ms
2015-07-11 04:45:44.702 bitApp[20901:233906] [CDVTimer][splashscreen] 9.914041ms
2015-07-11 04:45:44.705 bitApp[20901:233906] [CDVTimer][file] 2.488971ms
2015-07-11 04:45:44.757 bitApp[20901:233906] [CDVTimer][socialsharing] 51.953971ms
2015-07-11 04:45:44.757 bitApp[20901:233906] [CDVTimer][TotalPluginStartup] 65.118968ms
2015-07-11 04:45:44.824 bitApp[20901:233906] Resetting plugins due to page load.
2015-07-11 04:45:45.504 bitApp[20901:233906] Finished load of: file:///Users/martinezalina/Library/Developer/CoreSimulator/Devices/4B5A9D94-0C47-4ECE-86C0-48253076C2E1/data/Containers/Bundle/Application/EBBF0648-3A47-4749-A2BE-3545DFDD104D/bitApp.app/www/index.html#/
2015-07-11 04:54:09.087 bitApp[22108:238846] DiskCookieStorage changing policy from 2 to 0, cookie file: file:///Users/martinezalina/Library/Developer/CoreSimulator/Devices/4B5A9D94-0C47-4ECE-86C0-48253076C2E1/data/Containers/Data/Application/B8655CD5-F4D5-4A42-9009-72F3509C1DF2/Library/Cookies/Cookies.binarycookies
2015-07-11 04:54:09.218 bitApp[22108:238846] Apache Cordova native platform version 3.8.0 is starting.
2015-07-11 04:54:09.218 bitApp[22108:238846] Multi-tasking -> Device: YES, App: YES
2015-07-11 04:54:09.236 bitApp[22108:238846] Unlimited access to network resources
2015-07-11 04:54:09.361 bitApp[22108:238846] [CDVTimer][keyboard] 0.131011ms
2015-07-11 04:54:09.377 bitApp[22108:238846] [CDVTimer][splashscreen] 15.843987ms
2015-07-11 04:54:09.380 bitApp[22108:238846] [CDVTimer][file] 2.753019ms
2015-07-11 04:54:09.442 bitApp[22108:238846] [CDVTimer][socialsharing] 62.245011ms
2015-07-11 04:54:09.442 bitApp[22108:238846] [CDVTimer][TotalPluginStartup] 81.878960ms
2015-07-11 04:54:09.518 bitApp[22108:238846] Resetting plugins due to page load.
2015-07-11 04:54:10.132 bitApp[22108:238846] Finished load of: file:///Users/martinezalina/Library/Developer/CoreSimulator/Devices/4B5A9D94-0C47-4ECE-86C0-48253076C2E1/data/Containers/Bundle/Application/573A615C-98A4-4829-89AB-E04EE03C1990/bitApp.app/www/index.html#/
2015-07-11 05:05:02.179 bitApp[24984:246793] DiskCookieStorage changing policy from 2 to 0, cookie file: file:///Users/martinezalina/Library/Developer/CoreSimulator/Devices/4B5A9D94-0C47-4ECE-86C0-48253076C2E1/data/Containers/Data/Application/595D6A8A-221D-4386-9B64-CBBB5E879310/Library/Cookies/Cookies.binarycookies
2015-07-11 05:05:02.270 bitApp[24984:246793] Apache Cordova native platform version 3.8.0 is starting.
2015-07-11 05:05:02.271 bitApp[24984:246793] Multi-tasking -> Device: YES, App: YES
2015-07-11 05:05:02.286 bitApp[24984:246793] Unlimited access to network resources
2015-07-11 05:05:02.381 bitApp[24984:246793] [CDVTimer][keyboard] 0.055015ms
2015-07-11 05:05:02.397 bitApp[24984:246793] [CDVTimer][splashscreen] 15.978992ms
2015-07-11 05:05:02.401 bitApp[24984:246793] [CDVTimer][file] 3.448009ms
2015-07-11 05:05:02.450 bitApp[24984:246793] [CDVTimer][socialsharing] 48.618972ms
2015-07-11 05:05:02.450 bitApp[24984:246793] [CDVTimer][TotalPluginStartup] 68.903983ms
2015-07-11 05:05:02.514 bitApp[24984:246793] Resetting plugins due to page load.
2015-07-11 05:05:03.098 bitApp[24984:246793] Finished load of: file:///Users/martinezalina/Library/Developer/CoreSimulator/Devices/4B5A9D94-0C47-4ECE-86C0-48253076C2E1/data/Containers/Bundle/Application/CF8B9EE4-2DD9-4C90-A057-61B62FF0E953/bitApp.app/www/index.html#/
2015-07-16 12:43:19.325 bitApp[2053:28170] DiskCookieStorage changing policy from 2 to 0, cookie file: file:///Users/martinezalina/Library/Developer/CoreSimulator/Devices/4B5A9D94-0C47-4ECE-86C0-48253076C2E1/data/Containers/Data/Application/6C2F4DE8-6767-43CB-BA5C-5D29D9CA145D/Library/Cookies/Cookies.binarycookies
2015-07-16 12:43:19.883 bitApp[2053:28170] Apache Cordova native platform version 3.8.0 is starting.
2015-07-16 12:43:19.884 bitApp[2053:28170] Multi-tasking -> Device: YES, App: YES
2015-07-16 12:43:19.954 bitApp[2053:28170] Unlimited access to network resources
2015-07-16 12:43:21.361 bitApp[2053:28170] [CDVTimer][keyboard] 8.596957ms
2015-07-16 12:43:21.661 bitApp[2053:28170] [CDVTimer][splashscreen] 299.113989ms
2015-07-16 12:43:21.699 bitApp[2053:28170] [CDVTimer][file] 38.147986ms
2015-07-16 12:43:21.773 bitApp[2053:28170] [CDVTimer][socialsharing] 74.127018ms
2015-07-16 12:43:21.774 bitApp[2053:28170] [CDVTimer][TotalPluginStartup] 420.781970ms
2015-07-16 12:43:21.940 bitApp[2053:28170] Resetting plugins due to page load.
2015-07-16 12:43:23.102 bitApp[2053:28170] Finished load of: file:///Users/martinezalina/Library/Developer/CoreSimulator/Devices/4B5A9D94-0C47-4ECE-86C0-48253076C2E1/data/Containers/Bundle/Application/A65BD673-2938-4654-8055-96A6CA9600B5/bitApp.app/www/index.html#/
2015-07-16 12:44:41.009 bitApp[2668:29781] DiskCookieStorage changing policy from 2 to 0, cookie file: file:///Users/martinezalina/Library/Developer/CoreSimulator/Devices/4B5A9D94-0C47-4ECE-86C0-48253076C2E1/data/Containers/Data/Application/E6CC5433-A14B-4F95-99E9-C54E86DD158B/Library/Cookies/Cookies.binarycookies
2015-07-16 12:44:41.131 bitApp[2668:29781] Apache Cordova native platform version 3.8.0 is starting.
2015-07-16 12:44:41.132 bitApp[2668:29781] Multi-tasking -> Device: YES, App: YES
2015-07-16 12:44:41.134 bitApp[2668:29781] Unlimited access to network resources
2015-07-16 12:44:41.223 bitApp[2668:29781] [CDVTimer][keyboard] 0.052989ms
2015-07-16 12:44:41.235 bitApp[2668:29781] [CDVTimer][splashscreen] 12.019992ms
2015-07-16 12:44:41.237 bitApp[2668:29781] [CDVTimer][file] 1.892984ms
2015-07-16 12:44:41.270 bitApp[2668:29781] [CDVTimer][socialsharing] 33.407986ms
2015-07-16 12:44:41.271 bitApp[2668:29781] [CDVTimer][TotalPluginStartup] 48.013985ms
2015-07-16 12:44:41.344 bitApp[2668:29781] Resetting plugins due to page load.
2015-07-16 12:44:41.787 bitApp[2668:29781] Finished load of: file:///Users/martinezalina/Library/Developer/CoreSimulator/Devices/4B5A9D94-0C47-4ECE-86C0-48253076C2E1/data/Containers/Bundle/Application/9F2F3A20-6065-468D-B07F-4E5B8D76F999/bitApp.app/www/index.html#/
2015-07-16 12:47:07.695 bitApp[3242:31478] DiskCookieStorage changing policy from 2 to 0, cookie file: file:///Users/martinezalina/Library/Developer/CoreSimulator/Devices/4B5A9D94-0C47-4ECE-86C0-48253076C2E1/data/Containers/Data/Application/22EFD996-98C9-459D-81B3-953AA00C82CA/Library/Cookies/Cookies.binarycookies
2015-07-16 12:47:07.834 bitApp[3242:31478] Apache Cordova native platform version 3.8.0 is starting.
2015-07-16 12:47:07.835 bitApp[3242:31478] Multi-tasking -> Device: YES, App: YES
2015-07-16 12:47:07.837 bitApp[3242:31478] Unlimited access to network resources
2015-07-16 12:47:07.955 bitApp[3242:31478] [CDVTimer][keyboard] 0.091970ms
2015-07-16 12:47:07.968 bitApp[3242:31478] [CDVTimer][splashscreen] 12.753963ms
2015-07-16 12:47:07.971 bitApp[3242:31478] [CDVTimer][file] 2.174020ms
2015-07-16 12:47:08.016 bitApp[3242:31478] [CDVTimer][socialsharing] 45.701981ms
2015-07-16 12:47:08.017 bitApp[3242:31478] [CDVTimer][TotalPluginStartup] 61.493993ms
2015-07-16 12:47:08.087 bitApp[3242:31478] Resetting plugins due to page load.
2015-07-16 12:47:08.687 bitApp[3242:31478] Finished load of: file:///Users/martinezalina/Library/Developer/CoreSimulator/Devices/4B5A9D94-0C47-4ECE-86C0-48253076C2E1/data/Containers/Bundle/Application/6CA2D720-798F-402F-915A-B3510B4A53EF/bitApp.app/www/index.html#/
2015-07-16 12:47:23.695 bitApp[3242:31478] THREAD WARNING: ['SocialSharing'] took '168.240234' ms. Plugin should use a background thread.
2015-07-16 12:47:30.872 bitApp[3242:31544] bool _WebTryThreadLock(bool), 0x7af6aeb0: Tried to obtain the web lock from a thread other than the main thread or the web thread. This may be a result of calling to UIKit from a secondary thread. Crashing now...
1   0x592a881 WebThreadLock
2015-07-16 12:47:30.945 bitApp[3242:31478] viewServiceDidTerminateWithError: Error Domain=_UIViewServiceInterfaceErrorDomain Code=3 "The operation couldn’t be completed. (_UIViewServiceInterfaceErrorDomain error 3.)" UserInfo=0x7b074250 {Message=Service Connection Interrupted}
2   0x90039d -[UIWebView stringByEvaluatingJavaScriptFromString:]
3   0x73b68 -[CDVViewController shouldAutorotateToInterfaceOrientation:]
4   0x2c74b -[MainViewController shouldAutorotateToInterfaceOrientation:]
5   0x73c98 -[CDVViewController supportedInterfaceOrientations]
6   0x7a9ab6 -[UIViewController __supportedInterfaceOrientations]
7   0x79d546 -[UIViewController _preferredInterfaceOrientationGivenStatusBarAndDeviceAndOrientation:]
8   0x79d795 -[UIViewController _preferredInterfaceOrientationGivenCurrentOrientation:]
9   0x7a9824 -[UIViewController _preferredInterfaceOrientationForPresentationInWindow:fromInterfaceOrientation:]
10  0xe0856a -[_UIFullscreenPresentationController _adjustOrientationIfNecessaryInWindow:forViewController:preservingViewController:]
11  0x769947 -[UIPresentationController _dismissWithAnimationController:interactionController:target:didEndSelector:]
12  0x7a4c35 -[UIViewController _dismissViewControllerWithAnimationController:interactionController:completion:]
13  0x7a480e -[UIViewController _dismissViewControllerWithTransition:from:completion:]
14  0x7a3e23 -[UIViewController dismissViewControllerWithTransition:completion:]
15  0x7a6447 -[UIViewController dismissViewControllerAnimated:completion:]
16  0xdf5c19 -[UIActivityViewController _cleanupActivityWithSuccess:items:error:]
17  0xdf7a11 __45-[UIActivityViewController _performActivity:]_block_invoke
18  0xde8801 -[UIActivity(UIActivity_Private) activityDidFinish:items:error:]
19  0xde7e31 -[UIActivity activityDidFinish:]
20  0xe022e5 -[UIMailActivity mailComposeController:didFinishWithResult:error:]
21  0x2535cd0 -[MFMailComposeInternalViewController _notifyCompositionDidFinish]
22  0x2535a58 -[MFMailComposeInternalViewController compositionFinishedWithResult:error:]
23  0x25358a5 -[MFMailComposeInternalViewController _finishServiceViewControllerRequestWithSuccess:]
24  0x25356e3 __68-[MFMailComposeInternalViewController _configureRemoteViewContoller]_block_invoke
25  0x283ec7a __NSXPCCONNECTION_IS_CALLING_OUT_TO_ERROR_BLOCK__
26  0x2840041 __97-[NSXPCConnection _sendInvocation:proxyNumber:remoteInterface:withErrorHandler:timeout:userInfo:]_block_invoke304
27  0x3420ae3 _xpc_connection_reply_callout
28  0x34179d5 _xpc_connection_call_reply
29  0x3146ecf _dispatch_client_callout
30  0x312f02e _dispatch_queue_drain
31  0x312ed33 _dispatch_queue_invoke
